d:\project\kgp\kgp\x64\release\vc143.pdb
d:\project\kgp\kgp\x64\release\dllmain.obj
d:\project\kgp\x64\release\kgp.lib
d:\project\kgp\x64\release\kgp.exp
d:\project\kgp\x64\release\kgp.dll
d:\project\kgp\kgp\x64\release\kgp.ipdb
d:\project\kgp\x64\release\kgp.pdb
d:\project\kgp\kgp\x64\release\kgp.iobj
d:\project\kinugasa2\kgp\kgp\x64\release\dllmain.obj
d:\project\kinugasa2\kgp\kgp\x64\release\kgp.ipdb
d:\project\kinugasa2\kgp\kgp\x64\release\kgp.iobj
d:\project\kinugasa2\kgp\kgp\x64\release\vc143.pdb
d:\project\kinugasa2\kgp\x64\release\kgp.pdb
d:\project\kinugasa2\kgp\x64\release\kgp.dll
d:\project\kinugasa2\kgp\kgp\x64\release\kgp.tlog\cl.command.1.tlog
d:\project\kinugasa2\kgp\kgp\x64\release\kgp.tlog\cl.read.1.tlog
d:\project\kinugasa2\kgp\kgp\x64\release\kgp.tlog\cl.write.1.tlog
d:\project\kinugasa2\kgp\kgp\x64\release\kgp.tlog\kgp.write.1u.tlog
d:\project\kinugasa2\kgp\kgp\x64\release\kgp.tlog\link.command.1.tlog
d:\project\kinugasa2\kgp\kgp\x64\release\kgp.tlog\link.read.1.tlog
d:\project\kinugasa2\kgp\kgp\x64\release\kgp.tlog\link.write.1.tlog
